Applied Sciences and Technology DR784032A 39141
Science and Health XH4243564 29925
Engineering and Informatics AH148541A 49370
Engineering and Built Environment BK5978679 44170
Engineering and Informatics XY1745557 2872
Applied Sciences and Technology UC9246630 33684
Engineering and Informatics WY9326827 1066
Business and Humanities VK738263A 36459
Art and Design Z4299911 42148
Business and Hospitality GH5488572 39895
Applied Sciences and Technology LU9508426 2507
Business and Hospitality RT7953238 42323
Science and Health UP8733043 32673
Business and Humanities UM3951979 17143
Business and Hospitality CP8324512 19372
Applied Sciences and Technology KP4842563 33069
Business and Humanities BQ8546418 7781
Business and Hospitality DL1791296 25045
Business and Hospitality AS8820155 2640
Art and Design FR8966296 45610
Engineering and Built Environment PC354921A 33762
Business and Hospitality NU8691328 23449
Art and Design LT8837958 29770
Engineering and Informatics KF2393441 32154
Business and Humanities VB7648093 37550
Engineering and Informatics XM4876483 45627
Engineering and Built Environment SI3704228 45771
Science and Health JP7749627 32633
Applied Sciences and Technology VH0105121 30296
Engineering and Built Environment HS801133A 31959
Engineering and Built Environment YM2215116 1943
Engineering and Built Environment GB7102599 33163
Business and Hospitality A0015553 3757
Applied Sciences and Technology EM1604834 16740
Science and Health NN0408953 46345
Business and Humanities EY5638407 46643
Applied Sciences and Technology NC6215222 32969
Business and Humanities MK3917663 44379
Engineering and Built Environment CD2074301 37141
Applied Sciences and Technology RL8303897 41294
Applied Sciences and Technology HJ0474828 43349
Science and Health AP1536586 47256
Art and Design MG7486074 30165
Applied Sciences and Technology FU6853885 46438
Business and Humanities UU003748A 27495
Business and Hospitality CM6716115 47755
Business and Hospitality AN5101989 28582
Applied Sciences and Technology CN0726206 42486
Engineering and Informatics KO4707999 4254
Business and Humanities JN0373722 11650
Engineering and Built Environment KU9559139 26462
Business and Hospitality OK7108802 46279
Business and Humanities QX821506A 29194
Business and Hospitality HV5857880 37005
Business and Humanities BY9488687 10864
Art and Design MV1660310 29139
Business and Hospitality PX4336808 4168
Engineering and Built Environment QR7003847 3867
Art and Design GR8256282 33194
Applied Sciences and Technology HM6237408 17357
Engineering and Built Environment TJ4211951 35057
Engineering and Informatics IL8180674 41288
Science and Health KT359396A 32465
Engineering and Informatics NG0229801 23164
Business and Hospitality PA4393653 22913
Applied Sciences and Technology FZ876651A 1266
Engineering and Informatics ZR3651936 18290
Science and Health VZ7263096 21882
Science and Health BE7245969 40695
Science and Health IR0223296 45486
Business and Hospitality ZE1297521 39184
Science and Health WX9883018 19432
Business and Humanities VQ0288816 14190
Science and Health HT6003062 23795
Applied Sciences and Technology DG2884146 34011
Business and Humanities AD5445278 47230
Applied Sciences and Technology EB0675033 46859
Business and Humanities YQ0033555 42927
Art and Design EN4252889 36209
Engineering and Informatics JF3253224 13295
Art and Design WH3156488 13667
Art and Design NG8804271 26660
Business and Humanities EH5744020 9974
Engineering and Built Environment EA6481774 16446
Engineering and Built Environment KZ2391731 2535
Engineering and Informatics CV273273A 21806
Applied Sciences and Technology LP4403334 27528
Business and Hospitality RY6695023 11869
Engineering and Built Environment AN220442A 32415
Engineering and Informatics XJ1710169 1908
Engineering and Built Environment LX3131742 17604
Art and Design AD7129974 25466
Applied Sciences and Technology YS8881865 38857
Business and Hospitality EL4688718 32549
Engineering and Informatics HW3467340 12028
Art and Design NT0502969 10210
Business and Humanities UT1061154 18101
Art and Design SW9115748 1738
Art and Design HD1871681 3718
Engineering and Built Environment OC9129551 49130
Art and Design YM254931A 47160
Business and Humanities JD2921042 9803
Applied Sciences and Technology AV6821777 5927
Science and Health EX6302937 5070
Engineering and Built Environment UE7743123 16015
Engineering and Informatics CK3437644 2715
Art and Design CN6311866 15368
Business and Humanities PN5805685 14926
Science and Health AP7807454 16652
Art and Design RD7918276 42293
Art and Design KY2390990 26135
Engineering and Built Environment DA3369935 25387
Science and Health ET7138520 37490
Applied Sciences and Technology OF8021374 26052
Science and Health NG8949671 26763
Art and Design PG0713694 18445
Business and Hospitality MG0267962 3347
Applied Sciences and Technology NV4140257 27556
Engineering and Informatics BR0340461 28807
Business and Humanities PI0141163 7379
Engineering and Built Environment VI7548352 7817
Business and Humanities PG4214388 29539
Science and Health BN1348525 17277
Engineering and Informatics MA2842771 2177
Business and Humanities DN3970125 13196
Business and Hospitality LK2171861 8165
Art and Design RJ306632A 29107
Science and Health WW5648876 8639
Engineering and Informatics LU0184768 34302
Applied Sciences and Technology KN4027407 33496
Business and Hospitality VC7542416 37898
Applied Sciences and Technology HZ7156774 32570
Art and Design LY5317248 17482
Engineering and Built Environment DG1206573 20080
Engineering and Informatics TU0927179 15990
Engineering and Informatics DR2303114 36247
Business and Hospitality GW6646842 26905
Engineering and Built Environment SG826636A 19252
Engineering and Informatics OT8190575 34335
Applied Sciences and Technology GA4475498 29039
Applied Sciences and Technology H9814825 25515
Engineering and Informatics XM3389380 49903
Engineering and Informatics NA5692613 21592
Art and Design WM8710876 41981
Engineering and Informatics JV9063438 30037
Engineering and Informatics VB4190621 10604
Engineering and Informatics KX2874160 35048
Engineering and Built Environment NX7866818 36899
Business and Hospitality IZ5436344 30802
Business and Humanities BI2502972 36116
Engineering and Informatics VW4220022 28948
Business and Hospitality TP5373066 7726
Engineering and Informatics CY9424963 28524
Applied Sciences and Technology PX8318047 2702
Art and Design RW4690876 16463
Business and Hospitality UC7966447 11647
Science and Health GD6647895 9170
Art and Design IX2980078 9586
Business and Humanities NN4111793 5993
Business and Hospitality JL1181416 34327
Applied Sciences and Technology UK610451A 49411
Art and Design ZP380269A 32579
Engineering and Built Environment VU554722A 44203
Engineering and Built Environment LB4045136 33743
Applied Sciences and Technology JP7805283 42909
Business and Hospitality TC7828275 31239
Engineering and Built Environment UN5968155 47447
Business and Hospitality YA1780421 48421
Engineering and Built Environment CQ4273496 37093
Art and Design VF0488424 5856
Applied Sciences and Technology SD3394278 48681
Business and Humanities KG744815A 22885
Engineering and Informatics JN1222686 25503
Applied Sciences and Technology YM0597025 48743
Business and Humanities RR519341A 22497
Engineering and Built Environment UC2898030 12190
Business and Humanities DF0315306 30291
Business and Humanities GU9245163 39388
Engineering and Informatics EQ6430425 27664
Business and Hospitality EA9978305 10555
Science and Health L6109026 10196
Science and Health JI1546480 4750
Business and Humanities LH5669388 7921
Business and Humanities HR4928284 34646
Engineering and Built Environment DF512373A 45993
Business and Humanities Q5669424 49251
Engineering and Built Environment SR5576898 277
Art and Design IS2183050 48547
Applied Sciences and Technology FT7908338 37275
Engineering and Informatics RA7502769 40914
Science and Health TL4315413 46462
Business and Humanities ZD5630616 7829
Engineering and Built Environment QN9005077 11995
Art and Design QT3561156 15746
Business and Hospitality HC6018609 18993
Business and Hospitality GC3550318 42895
Business and Humanities AC3332064 36350
Business and Humanities XO4527954 32552
Business and Humanities UR3407758 36037
Engineering and Informatics AY2473373 3481
Science and Health JC5361757 20124
Science and Health QO3114753 4916
Science and Health TI3201313 36271
Engineering and Informatics HL9350214 42771
Science and Health VR4010038 44956
Applied Sciences and Technology NN5448250 49149
Engineering and Built Environment TB8601263 34811
Applied Sciences and Technology NN4650316 28484
Art and Design ZR9651463 13838
Business and Humanities LV1582408 26122
Business and Hospitality EG6778752 9634
Business and Hospitality FB5224833 46545
Engineering and Built Environment PH9150513 22100
Business and Hospitality R6221489 19084
Business and Humanities TS5891846 23444
Business and Humanities RS1095488 16048
Engineering and Built Environment QI0922652 5792
Business and Hospitality FN842642A 24111
Science and Health OA1121289 3765
Engineering and Informatics RZ3416806 28183
Business and Humanities DS6709742 37453
Engineering and Informatics XW1889095 23407
Applied Sciences and Technology XM896544A 32746
Science and Health WL1678900 46968
Business and Humanities HG4318797 6516
Science and Health BB5144537 10295
Business and Humanities GV2499936 48794
Art and Design JB8709719 11752
Engineering and Informatics ZS589208A 36691
Engineering and Built Environment RA996705A 43413
Engineering and Built Environment PT4496588 7504
Art and Design GY2672195 43101
Business and Hospitality ZN0652391 18763
Business and Humanities JI6099931 39384
Applied Sciences and Technology B0719380 43066
Applied Sciences and Technology YM5831448 39024
Business and Hospitality IQ397086A 44843
Applied Sciences and Technology LO3729777 34940
Engineering and Informatics ZI4764308 35445
Applied Sciences and Technology ZU9104724 24975
Engineering and Built Environment V8451570 49407
Science and Health LZ1766538 3476
Business and Hospitality YP3870132 9548
Business and Hospitality HP1892676 38419
Science and Health MX8105939 34500
Science and Health JK0800735 44807
Art and Design GT7463208 1322
Business and Humanities OS8283642 24867
Engineering and Informatics ZL6326394 29823
Business and Humanities OW4182472 27250
Business and Hospitality BW2557558 43074
Business and Hospitality UJ894476A 11600
Business and Humanities PC5347538 26719
Business and Hospitality XR5416615 45178
Business and Humanities EA8313248 26969
Engineering and Informatics JI7488427 6463
Engineering and Informatics EF9079372 12781
Engineering and Informatics XK1421423 16390
Applied Sciences and Technology BD592179A 16241
Business and Humanities ME965551A 24897
Applied Sciences and Technology IW5448186 16734
Engineering and Built Environment XY1734231 39128
Business and Humanities OL3853230 11417
Business and Hospitality KK2587893 47418
Art and Design B429894A 17760
Art and Design NG860300A 2778
Art and Design FH8029527 2679
Business and Hospitality QD579194A 32164
Business and Humanities OJ1647563 17450
Art and Design W5508835 45960
Applied Sciences and Technology LQ9038116 42344
Engineering and Informatics I2856313 15532
Engineering and Informatics ZB9359753 44254
Engineering and Informatics PX5365919 3128
Business and Humanities DY2283564 24958
Business and Humanities AH5562965 20631
Engineering and Informatics BC8872058 9129
Science and Health NS8022075 39090
Business and Hospitality RU9223741 17739
Business and Humanities LJ0011427 22498
Engineering and Built Environment UJ4400757 36329
Applied Sciences and Technology II9927332 19827
Engineering and Informatics ZT9032274 4594
Engineering and Informatics IH4412006 16923
Business and Humanities QK9320231 39060
Business and Humanities IQ7527941 11684
Business and Hospitality DF9988241 41237
Applied Sciences and Technology QM4719077 38942
Science and Health VP7297887 37176
Art and Design WE8430612 30391
Applied Sciences and Technology EQ7389804 27587
Art and Design RY1439283 20855
Business and Hospitality HQ8917693 1968
Art and Design PF6138009 24888
Business and Humanities HG0583518 31652
Applied Sciences and Technology KN4295199 21545
Business and Hospitality BD4282815 21865
Business and Hospitality GJ6321516 36088
Science and Health FI4539190 18029
Applied Sciences and Technology TL1068136 35991
Science and Health QO4181449 42037
Engineering and Informatics AQ6142147 13057
Science and Health IC9942668 37179
Science and Health RH9642240 23682
Business and Hospitality YK3231996 38555
Business and Humanities UY1680248 3101
Applied Sciences and Technology HD4631029 49111
Business and Hospitality FM2563775 16725
Applied Sciences and Technology OE0488526 18086
Science and Health DK5101622 39066
Science and Health FP0019337 1528
Art and Design GN9679537 9154
Engineering and Built Environment MD013365A 39737
Applied Sciences and Technology RM5409238 41826
Business and Hospitality KI1626569 14968
Science and Health CT4002837 36602
Applied Sciences and Technology ZZ4212183 24786
Applied Sciences and Technology JF7024829 10371
Science and Health KM6262872 27035
Art and Design VP2094968 24905
Applied Sciences and Technology WX1556875 14802
Applied Sciences and Technology JQ7379981 10846
Art and Design NJ7210146 31183
Engineering and Built Environment BT8595503 27793
Art and Design WJ0052645 17813
Business and Hospitality QH7040762 39609
Applied Sciences and Technology TY1472931 42152
Science and Health XJ6748861 12991
Business and Hospitality YJ4388784 18256
Engineering and Built Environment KV8720902 1135
Engineering and Informatics OF0655909 4008
Art and Design TH3951836 31814
Business and Humanities BV0730553 18494
Business and Hospitality EN1979667 31034
Science and Health KC6174822 39234
Engineering and Built Environment KO7686608 12298
Engineering and Informatics LN8782284 8031
Business and Hospitality HR3113145 16963
Engineering and Built Environment BB3827101 23684
Business and Humanities EI3633385 43555
Engineering and Built Environment XT3113394 24570
Art and Design PH2793964 47512
Engineering and Informatics RO2895634 1973
Applied Sciences and Technology NI3005431 10427
Business and Hospitality LP6656009 33155
Business and Humanities HZ4307015 35179
Art and Design NM1688007 15933
Engineering and Informatics PS7492667 8501
Business and Hospitality CP1271416 22072
Business and Hospitality VK541765A 5864
Engineering and Informatics KN7825369 45057
Engineering and Built Environment KT4284229 16333
Engineering and Built Environment F8270890 29552
Business and Hospitality S476526A 46217
Engineering and Built Environment RQ3832642 30478
Business and Hospitality NB5185892 48339
Business and Humanities VD7516880 26626
Engineering and Built Environment SG0597683 26447
Business and Hospitality PR7911202 17015
Science and Health SM7738150 32097
Business and Hospitality KD8906041 18123
Engineering and Informatics XC472897A 18323
Engineering and Informatics YI027654A 15084
Art and Design YL0179656 29253
Engineering and Built Environment AU1330701 38699
Art and Design DW0026579 49788
Engineering and Informatics JG6662563 33448
Art and Design VA792080A 26177
Art and Design QP4644060 9418
Engineering and Informatics BG2285828 17583
Business and Humanities QL4972843 10808
Engineering and Informatics AF0231347 31966
Business and Humanities KF4603808 16577
Business and Hospitality MO1566962 16580
Science and Health QF9663188 24319
Engineering and Informatics JN6283949 23279
Art and Design XJ0467537 39244
Art and Design IO6364669 48250
Science and Health GR2600383 29756
Applied Sciences and Technology SH7017872 30099
Engineering and Informatics DF9908417 26248
Applied Sciences and Technology FM8731831 27265
Engineering and Built Environment LX8023873 48231
Business and Hospitality HQ1417229 37522
Applied Sciences and Technology ZJ7328422 5005
Business and Humanities JQ3681709 49712
Engineering and Informatics II2137062 24939
Engineering and Built Environment SN7985575 28532
Art and Design AE5909193 28762
Business and Humanities YH6372284 24892
Engineering and Informatics EW8662571 30245
Science and Health JC2482171 14443
Art and Design HG9374148 950
Art and Design NP0814858 469
Engineering and Informatics AG4902858 36647
Applied Sciences and Technology JQ3460566 15800
Business and Humanities XU0979583 6175
Science and Health MI9245364 15865
Art and Design AP1319959 31398
Applied Sciences and Technology AZ5738741 44118
Business and Humanities RC0122592 37570
Science and Health WB1235614 13468
Engineering and Built Environment AA2719955 16419
Science and Health VF7789125 22358
Art and Design IE8507145 7013
Engineering and Informatics WU7365754 4209
Engineering and Informatics QF5837342 6643
Applied Sciences and Technology SM4463584 35113
Business and Humanities DL0206027 25102
Art and Design YW6639019 9666
Engineering and Built Environment SX2351931 39265
Science and Health QG7538311 3227
Engineering and Informatics OS5189679 3709
Applied Sciences and Technology MP6281341 13914
Engineering and Informatics UV0072514 47249
Business and Humanities WC753142A 44665
Engineering and Built Environment LA7427069 25429
Business and Humanities EA4413972 30690
Art and Design FY2142739 18355
Applied Sciences and Technology PE279449A 46056
Business and Hospitality KY551530A 24551
Business and Hospitality IK142514A 19991
Art and Design PI9372306 46760
Engineering and Built Environment PM9851005 46060
Engineering and Built Environment HS4146167 3427
Business and Hospitality YC6375557 41062
Business and Hospitality ER4777386 32633
Art and Design GY3558393 22344
Engineering and Built Environment MK0588686 48328
Art and Design KB7100247 24191
Applied Sciences and Technology K1979620 14564
Business and Hospitality NH4948788 30962
Engineering and Built Environment DH6310754 45355
Business and Humanities RL341857A 45305
Business and Hospitality BF6670534 33326
Science and Health KP1172394 13814
Art and Design FC5136532 12970
Engineering and Informatics L5547023 9213
Art and Design RZ7416908 28651
Engineering and Informatics J5769729 35960
Engineering and Built Environment XY3795791 4629
Science and Health NI4479045 28307
Business and Hospitality XM019763A 35463
Business and Humanities YR4433983 9073
Applied Sciences and Technology IN6132117 28276
Engineering and Built Environment DU7734882 13781
Art and Design HF7322158 49196
Business and Humanities DG1741675 2052
Science and Health MU7941434 41587
Business and Humanities FF9605969 44302
Applied Sciences and Technology SB4584809 22816
Business and Humanities QN3319496 11989
Business and Hospitality CS5809235 18
Applied Sciences and Technology WY2524661 11844
Business and Hospitality WG0771499 11740
Art and Design GC4194661 42906
Engineering and Informatics JC8608509 17625
Business and Humanities BN8030581 10841
Engineering and Informatics TQ9894433 26791
Business and Hospitality AJ0234688 22532
Applied Sciences and Technology SD7042584 39716
Art and Design QI2378804 27008
Engineering and Built Environment UJ6811667 14706
Business and Hospitality FH3415499 17257
Business and Hospitality ZY6311813 1241
Art and Design SH4442149 44164
Art and Design ZG7309127 9923
Art and Design IX4838674 12360
Art and Design GG0098198 27061
Engineering and Informatics WD5803189 20362
Engineering and Built Environment VJ3842486 34341
Business and Hospitality UT5381816 7386
Applied Sciences and Technology LM4287385 1940
Engineering and Informatics GA4953262 13544
Art and Design IU1610477 29975
Applied Sciences and Technology IX5272646 34950
Engineering and Informatics OP4687876 4265
Art and Design OY0046713 15796
Engineering and Informatics XZ7706172 20787
Business and Humanities FD6592675 38469
Science and Health JL4932005 31576
Business and Humanities QS4866737 26495
Applied Sciences and Technology QQ701075A 36974
Engineering and Built Environment LW4110896 3373
Art and Design AT939641A 46309
Science and Health YZ7886616 27246
Applied Sciences and Technology AB4857203 47820
Engineering and Informatics I2745128 43498
Business and Hospitality WA8797010 9024
Engineering and Built Environment PL7235639 23391
Engineering and Informatics CY0532527 13785
Engineering and Built Environment PB7674348 23791
Science and Health AA2709086 13919
Business and Hospitality ZZ9580881 14763
Science and Health UK4341149 31517
Business and Humanities ER5397131 3994
Business and Humanities CQ1854619 41043
Applied Sciences and Technology VR3372297 33066
Science and Health KD2977207 28874
Applied Sciences and Technology KI5446110 34193
Engineering and Informatics TH8987167 33375
Science and Health F9317533 28637
Science and Health LK2058721 5912
Art and Design KY9053075 34073
Art and Design YR9139469 37695
Engineering and Built Environment JM611569A 154
Engineering and Informatics QD6532937 654
Engineering and Informatics HK7548455 45209
Business and Humanities SN5846622 37139
Art and Design RY1474151 31531
Business and Hospitality EQ1225483 11072
Engineering and Built Environment KW6133408 42724
Business and Humanities VB6740186 23084
Business and Hospitality IQ5294454 468
Art and Design KC083926A 30182
Engineering and Informatics AZ9291097 18968
Engineering and Built Environment TR6589189 25535
Engineering and Informatics NP7096517 13078
Engineering and Informatics BJ1370820 44313
Science and Health BB6581411 3358
Engineering and Informatics QW6214142 23810
Applied Sciences and Technology XI4346799 22885
Engineering and Built Environment ZT5026284 19549
Business and Humanities AW232536A 23677
Applied Sciences and Technology PP7222385 6628
Art and Design WR1791218 7349
Business and Hospitality VO3324943 49977
Applied Sciences and Technology SZ7085807 32968
Art and Design RM3302376 4767
Applied Sciences and Technology HV3554948 1126
Applied Sciences and Technology IK3678197 12322
Engineering and Built Environment EX3899840 31147
Engineering and Built Environment SS7657362 41596
Business and Humanities PY2921672 46929
Business and Hospitality JA7008002 26857
Applied Sciences and Technology LC2975588 41551
Applied Sciences and Technology XH0719096 46731
Engineering and Informatics NP912561A 40687
Art and Design SA2542368 21469
Applied Sciences and Technology LL3908015 41361
Art and Design IL4487337 27129
Business and Hospitality PV5692930 39630
Business and Humanities I0367388 20082
Applied Sciences and Technology CF5589735 3028
Science and Health DO2135646 35098
Business and Hospitality EB0026008 33987
Applied Sciences and Technology PV6066451 33045
Business and Hospitality WU3321411 7344
Engineering and Built Environment PP1514864 10632
Business and Humanities JZ7901038 1010
Engineering and Informatics NW3314810 32393
Engineering and Informatics UM3462372 41620
Science and Health HG3323759 4609
Business and Hospitality WA9387046 36622
Art and Design CJ5421847 20620
Business and Hospitality BZ2248778 32
Engineering and Informatics FS2053961 30358
Business and Hospitality ZV2288851 12297
Engineering and Informatics IK1995777 41529
Business and Hospitality UK2023231 44615
Art and Design GL211085A 623
Business and Humanities BS7772158 11658
Art and Design KB5892124 1610
Engineering and Built Environment PW1893118 41810
Applied Sciences and Technology JJ8459304 40559
Engineering and Built Environment WJ3549180 48211
Science and Health FI6382489 8033
Business and Humanities ZL9571189 33538
Business and Hospitality QU823500A 12313
Applied Sciences and Technology SX5085445 45560
Business and Hospitality TI498522A 35502
Business and Humanities MS7041579 11831
Art and Design MB5016687 23682
Business and Humanities QU7388667 29768
Business and Hospitality UR5030697 44653
Business and Humanities ZT5713277 17598
Engineering and Informatics JK5734947 29249
Science and Health OR0595838 22391
Applied Sciences and Technology ED474683A 18937
Engineering and Informatics UG8270201 49007
Science and Health HQ8457840 512
Science and Health WD6092814 45613
Art and Design WB5044380 20121
Applied Sciences and Technology UF7836104 6738
Business and Humanities ZF1101046 15651
Engineering and Built Environment VF1001566 6436
Art and Design IU6066880 39836
Engineering and Informatics T3975505 39765
Business and Hospitality DR4734409 14191
Engineering and Informatics YE6742920 48339
Art and Design TH9129129 23247
Business and Humanities XO0524840 47806
Business and Humanities YR571515A 5412
Applied Sciences and Technology IE0580429 33029
Business and Humanities VS501146A 30257
Science and Health NY6022698 47918
Art and Design QP8651194 1355
Engineering and Built Environment RT4630218 5329
Science and Health W9238134 14285
Engineering and Informatics CA2995996 1294
Engineering and Informatics LD3851336 48870
Science and Health GG8724454 45338
Art and Design V1256132 46286
Business and Humanities HE5229036 14431
Business and Hospitality YN3067834 24887
Engineering and Built Environment GQ0472623 9887
Applied Sciences and Technology SZ1253276 33318
Applied Sciences and Technology LI0099144 40485
Applied Sciences and Technology RD0022118 31302
Art and Design JG3914587 33269
Engineering and Built Environment CT8694352 12455
Engineering and Informatics LL7604449 20646
Business and Hospitality HE3638884 696
Art and Design US6319763 12093
Business and Humanities VI2868028 14755
Engineering and Informatics PJ5674174 45458
Business and Hospitality TX7033455 13295
Science and Health YB3988099 7262
Applied Sciences and Technology TT5249494 24072
Business and Humanities OP2176459 38923
Engineering and Built Environment LC5499393 46854
Applied Sciences and Technology MK9842421 16505
Applied Sciences and Technology MS6274173 2438
Engineering and Informatics RL8809185 44436
Engineering and Built Environment VY577053A 37724
Applied Sciences and Technology EA0155580 10238
Business and Hospitality JT9368967 14737
Applied Sciences and Technology ZT8889626 23785
Applied Sciences and Technology PF3023224 24387
Engineering and Informatics RP3273470 12141
Business and Humanities LQ8836969 23186
Science and Health CB7270839 45536
Engineering and Informatics Z2137049 47356
Engineering and Informatics PW1652214 37735
Science and Health XO1961121 269
Engineering and Built Environment QW6184587 7464
Business and Humanities E2323628 24059
Applied Sciences and Technology AW0468426 20981
Applied Sciences and Technology AW0822779 14396
Business and Humanities RP0088219 19045
Engineering and Built Environment E4874851 49554
Applied Sciences and Technology BB5934229 48954
Art and Design FA489220A 15336
Business and Humanities JN1087447 28842
Science and Health Y354867A 36540
Engineering and Built Environment BH5868687 46607
Engineering and Informatics PL8738344 34434
Applied Sciences and Technology PC9044376 19484
Engineering and Informatics PJ2740297 25326
Applied Sciences and Technology AY7482701 41266
Art and Design CT1512698 23236
Applied Sciences and Technology YW694633A 21390
Engineering and Informatics IE0448304 15284
Engineering and Built Environment MV4738399 3011
Business and Hospitality WC3229045 2875
Applied Sciences and Technology PR4304915 47729
Engineering and Built Environment AC7718740 30048
Engineering and Informatics ER3949265 255
Engineering and Built Environment SR2949848 26767
Engineering and Built Environment WS6699552 33805
Science and Health DI2660141 34552
Applied Sciences and Technology SI3762083 44114
Engineering and Built Environment JE6402366 42590
Science and Health MW4286328 40910
Engineering and Informatics MI5603778 39813
Business and Hospitality TR4689846 37923
Science and Health JN2490440 28986
Applied Sciences and Technology QT931186A 7738
Engineering and Informatics WP164487A 47356
Engineering and Informatics DE5734537 1469
Engineering and Informatics KT2843963 6954
Business and Hospitality QN4910465 48191
Science and Health YG4441327 34246
Science and Health OY3677718 21464
Science and Health OQ5474573 4557
Business and Humanities QJ747950A 39121
Engineering and Built Environment EO0244860 2532
Business and Humanities WE2438932 18868
Engineering and Informatics PE9141433 39033
Engineering and Informatics BU4658539 7257
Science and Health DG8436055 29816
Engineering and Built Environment ZV8211750 21699
Engineering and Informatics OT8794934 48270
Business and Hospitality NN3207624 6511
Art and Design SJ8810858 48349
Engineering and Built Environment AF2543931 2357
Engineering and Informatics AY8913583 38442
Science and Health DB9876720 8115
Business and Humanities UA6924624 20927
Business and Humanities TQ6021931 35944
Engineering and Informatics YS3118396 45515
Business and Humanities KH7059581 17558
Business and Hospitality DM972057A 12204
Art and Design ZA6336050 16280
Art and Design HN5755667 32074
Business and Hospitality LP0690061 19167
Applied Sciences and Technology AQ1864616 27761
Science and Health NB578842A 46709
Art and Design PW9667516 43162
Business and Humanities KD6559165 37229
Applied Sciences and Technology QU4288807 14040
Science and Health F2837438 44623
Engineering and Built Environment FY5468595 1776
Business and Hospitality XZ9226681 30213
Science and Health UG8461875 35279
Engineering and Informatics SO0820047 25564
Engineering and Built Environment CH827030A 1741
Business and Hospitality LS5826997 39063
Art and Design OZ014356A 28258
Business and Hospitality IB1091936 44316
Business and Humanities C6132403 45997
Engineering and Built Environment RG1331275 49042
Applied Sciences and Technology MG9541508 4342
Business and Hospitality BR4531713 37098
Engineering and Informatics UB0208139 25574
Engineering and Built Environment BA4884231 38660
Business and Humanities ZG6325962 5405
Business and Humanities GK1426812 33606
Engineering and Informatics YJ429261A 36455
Engineering and Informatics LZ227872A 10409
Business and Hospitality T9396210 41928
Science and Health AR8096818 11518
Science and Health RY1206382 44289
Business and Hospitality TK2694976 12125
Business and Hospitality FH0502999 1549
Engineering and Informatics ER3993464 14763
Applied Sciences and Technology RF1114544 27300
Art and Design TX6968816 19915
Science and Health PH6039156 39195
Science and Health VN7842616 22018
Engineering and Built Environment NK5849782 42740
Art and Design VU7185501 3376
Applied Sciences and Technology XJ8458412 8029
Art and Design VA6438442 8145
Business and Hospitality JL4758004 41468
Applied Sciences and Technology RZ0908504 48531
Engineering and Built Environment BN6541978 20725
Business and Hospitality HY3829758 11770
Business and Humanities B5221396 11238
Engineering and Built Environment OQ1378749 40960
Science and Health HP0321618 21588
Business and Hospitality C4865036 1334
Business and Hospitality XS484401A 872
Business and Humanities DA0793651 20914
Art and Design GT1478990 7529
Science and Health ZM9163720 32571
Business and Humanities CE527490A 5518
Business and Hospitality JG4699525 47533
Engineering and Built Environment TF7952489 11454
Business and Humanities GA3436088 6736
Business and Hospitality DP2836127 21181
Applied Sciences and Technology EK352673A 48639
Art and Design KL8089382 27047
Business and Humanities IY1810817 23240
Business and Humanities NE6478884 32625
Engineering and Informatics OB8262872 32841
Science and Health JU9317505 2922
Applied Sciences and Technology LE7112906 42975
Business and Humanities JW0667541 8138
Business and Hospitality SA5082961 25161
Applied Sciences and Technology HF9247050 41361
Business and Humanities TY0589264 37094
Engineering and Built Environment UB4655132 30880
Science and Health KK0067661 13897
Business and Hospitality MM0226065 15218
Engineering and Built Environment SU0140793 18368
Engineering and Built Environment LG6734071 46161
Engineering and Informatics AQ7415519 48950
Engineering and Built Environment NA0398000 4510
Business and Humanities EW8297916 39973
Engineering and Built Environment O8577668 33296
Applied Sciences and Technology WL2461671 44143
Business and Humanities FU6105553 38144
Business and Humanities AZ342498A 29870
Business and Hospitality EX2869111 10915
Business and Hospitality SV2676982 30471
Art and Design MI9393436 47963
Engineering and Informatics NJ3878415 1839
Engineering and Built Environment QI6352158 45402
Engineering and Informatics CE4654203 4163
Art and Design NE9958952 49004
Applied Sciences and Technology RD1836689 34228
Art and Design TX4102702 16926
Science and Health PL4315213 46088
Art and Design ZN4510302 14510
Applied Sciences and Technology CM7691688 5844
Art and Design PJ3193358 11816
Business and Hospitality WC3669905 4959
Business and Humanities UN4039404 11405
Applied Sciences and Technology LD0043195 26408
Engineering and Built Environment FH7500799 34540
Science and Health WC8624988 15998
Business and Humanities EH3660944 22377
Business and Hospitality JA0865688 34375
Business and Hospitality SN4169467 18559
Art and Design YN7450622 9905
Science and Health JM0491108 43914
Engineering and Built Environment QI7501965 1186
Business and Hospitality D4465590 1225
Engineering and Informatics KH3526829 13707
Engineering and Built Environment LZ1458012 8584
Engineering and Informatics BB6078559 49791
Applied Sciences and Technology UX4010131 25574
Business and Humanities AU8771036 10206
Engineering and Built Environment EF7093689 6275
Science and Health IS1793162 41536
Business and Hospitality F9021465 21183
Engineering and Built Environment OG2019187 25809
Science and Health ID231259A 27820
Engineering and Built Environment LZ6659277 20807
Engineering and Built Environment OG7533841 47396
Engineering and Built Environment DO6017881 49247
Science and Health ZX476267A 49204
Engineering and Built Environment JK0347632 30499
Business and Humanities LD0144264 10082
Business and Hospitality DD1542455 13900
Art and Design YW0274727 42778
Engineering and Built Environment IL8088258 11982
Business and Humanities GZ8303138 10246
Art and Design FP2750563 8660
Business and Hospitality LM3876404 40606
Art and Design VZ2487396 27014
Science and Health KD9426432 23583
Science and Health C2526679 21810
Business and Humanities I8280281 42168
Engineering and Informatics GJ2042580 31880
Applied Sciences and Technology VP9377683 3119
Applied Sciences and Technology RP9732531 4903
Science and Health CG3192925 9767
Engineering and Informatics GQ0205845 30999
Business and Humanities DG0633858 30000
Science and Health XU3357151 15192
Applied Sciences and Technology PE9490276 35995
Science and Health RM3000436 2592
Business and Humanities BW7555331 44608
Engineering and Built Environment FB6610366 27543
Engineering and Built Environment MS0112081 37124
Engineering and Built Environment BE7046674 34716
Art and Design UZ005050A 4060
Applied Sciences and Technology D9279272 21659
Art and Design MF8375276 1284
Business and Hospitality PD5367096 41525
Art and Design NU1497059 28078
Business and Hospitality MM3516897 15442
Science and Health UJ3800400 5207
Science and Health HR9351949 16630
Engineering and Built Environment GM5144285 8934
Art and Design D9390115 38335
Business and Hospitality BF9816283 43559
Engineering and Informatics UB6656671 10711
Business and Humanities FO7520069 7203
Business and Humanities TV0940390 46149
Engineering and Informatics JO623945A 14057
Engineering and Informatics LJ4002580 29014
Applied Sciences and Technology EK6549370 15994
Business and Hospitality DD2723211 22476
Engineering and Built Environment QK3932782 37580
Science and Health ZE3287166 46426
Engineering and Built Environment NX2840602 39255
Business and Hospitality ZY7517556 15870
Business and Humanities TR0618057 48167
Engineering and Informatics VD4990468 39639
Science and Health GN1761737 9360
Applied Sciences and Technology QM7814352 39386
Art and Design KI9289286 3281
Science and Health XJ2705705 28356
Engineering and Built Environment DJ5084484 6574
Engineering and Informatics YM5502115 49208
Science and Health PO7249579 22083
Engineering and Informatics GN7333117 32890
Business and Hospitality GM5347910 1858
Business and Humanities OT0575648 16679
Science and Health QX0483163 27212
Applied Sciences and Technology GW0129213 39715
Business and Humanities WG8979698 37327
Engineering and Built Environment YP8119450 22607
Applied Sciences and Technology QN1857686 38437
Business and Humanities QH8181748 13449
Science and Health CZ1466864 44141
Applied Sciences and Technology PK9215760 47283
Business and Humanities IK1503733 25804
Engineering and Informatics YM6586261 49547
Art and Design UH7736761 23741
Business and Humanities TX0879552 11387
Business and Humanities ZO9905501 24323
Business and Hospitality ZC273057A 12816
Business and Humanities MN8214844 28345
Art and Design CY6440724 23818
Art and Design UF913896A 29294
Science and Health PD392780A 11015
Applied Sciences and Technology KA5434876 35128
Business and Hospitality SX5411704 15972
Engineering and Built Environment QQ0246576 47643
Science and Health BI7102602 45512
Business and Hospitality NC5667587 32296
Engineering and Built Environment WV1004858 31168
Science and Health CS931606A 39273
Engineering and Built Environment KB4690913 33760
Engineering and Informatics LL5927981 4728
Business and Humanities AX0838693 27650
Business and Humanities NF4011212 41381
Engineering and Informatics VZ6566741 26443
Applied Sciences and Technology KX3866849 33848
Engineering and Informatics UP750253A 34658
Art and Design KA7840890 13568
Engineering and Informatics MN479484A 589
Art and Design LL5452521 10361
Engineering and Informatics RX9562556 15059
Business and Humanities PL6336753 40049
Business and Humanities Z3774998 37517
Engineering and Built Environment HD8903387 29443
Business and Hospitality LL2196119 21239
Engineering and Built Environment RC7899922 48237
Engineering and Built Environment YN7303611 32872
Art and Design YI800345A 49162
Applied Sciences and Technology AZ6621524 9941
Business and Humanities XT7033279 26269
Engineering and Informatics WR5717490 44850
Science and Health LH7182821 49279
Art and Design CU6098008 35190
Engineering and Informatics OZ5155382 1640
Science and Health LH6112101 16265
Engineering and Built Environment DH2184854 49024
Engineering and Informatics NQ1980983 35121
Engineering and Informatics VU8374253 45090
Art and Design KU9753139 12909
Engineering and Informatics CM0459295 48295
Engineering and Built Environment DD8326808 6643
Science and Health XN6697898 9438
Art and Design LD6731792 780
Engineering and Informatics DT5627649 11429
Engineering and Informatics VB1486317 36460
Business and Humanities JA9980583 23255
Applied Sciences and Technology XC4436199 30531
Business and Hospitality IU3061859 31276
Business and Hospitality ES2260032 37782
Engineering and Built Environment AB9457088 33246
Business and Hospitality AK4904534 9346
Art and Design WC0906811 1080
Engineering and Built Environment SC7828726 2798
Business and Hospitality BD1492569 7844
Science and Health IE6342660 38360
Applied Sciences and Technology MY1458376 16675
Applied Sciences and Technology ND2715734 43532
Engineering and Built Environment IY621173A 44168
Engineering and Informatics UE5296155 32115
Business and Humanities KE8630987 31166
Science and Health GS2932915 6490
Business and Humanities TS9677235 13125
Business and Hospitality IZ5343414 45172
Science and Health CO5270086 21148
Business and Humanities GA3439610 29266
Engineering and Informatics QT597319A 2722
Business and Humanities XZ8184155 15025
Business and Humanities LW409605A 43557
Business and Hospitality EC5445491 35200
Applied Sciences and Technology OT0496836 22224
Engineering and Built Environment NF0363958 45140
Art and Design RP3175156 3387
Business and Hospitality IJ8010973 40517
Science and Health XA2613361 28949
Engineering and Informatics FF8953873 41444
Engineering and Built Environment TI5700702 46435
Business and Humanities JK079398A 35863
Engineering and Informatics OH6541339 35131
Business and Humanities EP3730630 2931
Art and Design GE6932657 18074
Applied Sciences and Technology XD5848056 31482
Business and Hospitality QC9916364 5040
Applied Sciences and Technology DM8211884 13026
Engineering and Built Environment LW5508660 32651
Applied Sciences and Technology AS0725749 23789
Business and Humanities BQ8639649 35992
Applied Sciences and Technology QU6029896 41811
Engineering and Informatics IT0356529 6839
Applied Sciences and Technology PZ362483A 41838
Applied Sciences and Technology EH414718A 9231
Engineering and Built Environment YB1476925 36184
Applied Sciences and Technology BI7186200 28705
Science and Health QN6316232 14002
Business and Humanities LD9572241 49686
Applied Sciences and Technology AZ6058775 34268
Science and Health PX0905786 39735
Art and Design WZ0379833 18807
Business and Hospitality IH4163463 3444
Engineering and Built Environment HV8538234 28796
Applied Sciences and Technology KG9371558 49986
Engineering and Built Environment MD5196230 33229
Engineering and Built Environment XS825049A 3113
Business and Humanities LB6293946 2163
Business and Hospitality IO6128715 15944
Business and Hospitality LO855417A 9229
Art and Design EK2201412 16773
Art and Design HO6958475 2235
Business and Humanities MO9417547 19772
Applied Sciences and Technology TM6973767 17022
Business and Humanities YV3127531 29398
Art and Design DW3979960 45270
Engineering and Informatics ZL135619A 33908
Business and Humanities GP2907496 44763
